{
"contracts/actions/ShortOTokenWithSwap.sol":{"l":{"35":0,"36":0,"39":0,"41":0,"44":0,"45":0,"47":0,"48":0,"49":0,"51":0,"55":0,"57":0,"65":0,"66":0,"75":0,"79":0,"81":0,"90":0,"99":0,"100":0,"101":0,"103":0,"105":0,"107":0,"115":0,"116":0,"117":0,"121":0,"123":0,"134":0,"142":0,"144":0,"155":0,"166":0,"168":0,"176":0,"178":0,"189":0},"path":"/Users/antonasso/programming/opyn/scaffold-eth/packages/hardhat/contracts/actions/ShortOTokenWithSwap.sol","s":{"1":0,"2":0,"3":0,"4":0,"5":0,"6":0,"7":0,"8":0,"9":0,"10":0,"11":0,"12":0,"13":0,"14":0,"15":0,"16":0,"17":0,"18":0,"19":0,"20":0,"21":0,"22":0,"23":0,"24":0,"25":0,"26":0,"27":0,"28":0,"29":0,"30":0,"31":0,"32":0,"33":0,"34":0,"35":0,"36":0,"37":0},"b":{"1":[0,0],"2":[0,0],"3":[0,0],"4":[0,0],"5":[0,0]},"f":{"1":0,"2":0,"3":0,"4":0,"5":0,"6":0,"7":0,"8":0,"9":0,"10":0},"fnMap":{"1":{"name":"constructor","line":27,"loc":{"start":{"line":27,"column":2},"end":{"line":52,"column":2}}},"2":{"name":"onlyVault","line":54,"loc":{"start":{"line":54,"column":2},"end":{"line":58,"column":2}}},"3":{"name":"currentValue","line":64,"loc":{"start":{"line":64,"column":2},"end":{"line":69,"column":2}}},"4":{"name":"closePosition","line":74,"loc":{"start":{"line":74,"column":2},"end":{"line":82,"column":2}}},"5":{"name":"rolloverPosition","line":87,"loc":{"start":{"line":87,"column":2},"end":{"line":91,"column":2}}},"6":{"name":"mintAndSellOToken","line":98,"loc":{"start":{"line":98,"column":2},"end":{"line":108,"column":2}}},"7":{"name":"_openVault","line":113,"loc":{"start":{"line":113,"column":2},"end":{"line":135,"column":2}}},"8":{"name":"_mintOTokens","line":140,"loc":{"start":{"line":140,"column":2},"end":{"line":169,"column":2}}},"9":{"name":"_settleVault","line":174,"loc":{"start":{"line":174,"column":2},"end":{"line":190,"column":2}}},"10":{"name":"_customOTokenCheck","line":197,"loc":{"start":{"line":197,"column":2},"end":{"line":205,"column":2}}}},"statementMap":{"1":{"start":{"line":35,"column":4},"end":{"line":35,"column":17}},"2":{"start":{"line":36,"column":4},"end":{"line":36,"column":17}},"3":{"start":{"line":39,"column":4},"end":{"line":39,"column":50}},"4":{"start":{"line":41,"column":4},"end":{"line":41,"column":40}},"5":{"start":{"line":44,"column":4},"end":{"line":44,"column":36}},"6":{"start":{"line":45,"column":4},"end":{"line":45,"column":48}},"7":{"start":{"line":47,"column":4},"end":{"line":47,"column":27}},"8":{"start":{"line":48,"column":4},"end":{"line":48,"column":36}},"9":{"start":{"line":49,"column":4},"end":{"line":49,"column":19}},"10":{"start":{"line":51,"column":4},"end":{"line":51,"column":25}},"11":{"start":{"line":55,"column":4},"end":{"line":55,"column":41}},"12":{"start":{"line":65,"column":4},"end":{"line":65,"column":65}},"13":{"start":{"line":66,"column":4},"end":{"line":66,"column":40}},"14":{"start":{"line":75,"column":4},"end":{"line":75,"column":17}},"15":{"start":{"line":79,"column":4},"end":{"line":79,"column":19}},"16":{"start":{"line":81,"column":4},"end":{"line":81,"column":18}},"17":{"start":{"line":90,"column":4},"end":{"line":90,"column":35}},"18":{"start":{"line":99,"column":4},"end":{"line":99,"column":60}},"19":{"start":{"line":100,"column":4},"end":{"line":100,"column":65}},"20":{"start":{"line":101,"column":4},"end":{"line":101,"column":67}},"21":{"start":{"line":103,"column":4},"end":{"line":103,"column":49}},"22":{"start":{"line":105,"column":4},"end":{"line":105,"column":69}},"23":{"start":{"line":107,"column":4},"end":{"line":107,"column":28}},"24":{"start":{"line":115,"column":4},"end":{"line":115,"column":21}},"25":{"start":{"line":116,"column":4},"end":{"line":116,"column":3683}},"26":{"start":{"line":117,"column":6},"end":{"line":117,"column":34}},"27":{"start":{"line":121,"column":4},"end":{"line":121,"column":77}},"28":{"start":{"line":123,"column":4},"end":{"line":123,"column":3880}},"29":{"start":{"line":134,"column":4},"end":{"line":134,"column":30}},"30":{"start":{"line":142,"column":4},"end":{"line":142,"column":77}},"31":{"start":{"line":144,"column":4},"end":{"line":144,"column":4456}},"32":{"start":{"line":155,"column":4},"end":{"line":155,"column":4778}},"33":{"start":{"line":166,"column":4},"end":{"line":166,"column":51}},"34":{"start":{"line":168,"column":4},"end":{"line":168,"column":30}},"35":{"start":{"line":176,"column":4},"end":{"line":176,"column":77}},"36":{"start":{"line":178,"column":4},"end":{"line":178,"column":5408}},"37":{"start":{"line":189,"column":4},"end":{"line":189,"column":30}}},"branchMap":{"1":{"line":55,"type":"if","locations":[{"start":{"line":55,"column":4},"end":{"line":55,"column":4}},{"start":{"line":55,"column":4},"end":{"line":55,"column":4}}]},"2":{"line":99,"type":"if","locations":[{"start":{"line":99,"column":4},"end":{"line":99,"column":4}},{"start":{"line":99,"column":4},"end":{"line":99,"column":4}}]},"3":{"line":100,"type":"if","locations":[{"start":{"line":100,"column":4},"end":{"line":100,"column":4}},{"start":{"line":100,"column":4},"end":{"line":100,"column":4}}]},"4":{"line":101,"type":"if","locations":[{"start":{"line":101,"column":4},"end":{"line":101,"column":4}},{"start":{"line":101,"column":4},"end":{"line":101,"column":4}}]},"5":{"line":116,"type":"if","locations":[{"start":{"line":116,"column":4},"end":{"line":116,"column":4}},{"start":{"line":116,"column":4},"end":{"line":116,"column":4}}]}}},
"contracts/core/OpynPerpVault.sol":{"l":{"63":0,"64":0,"65":0,"66":0,"73":0,"74":0,"76":0,"77":0,"84":0,"85":0,"106":0,"107":0,"108":0,"109":0,"110":0,"112":0,"113":0,"114":0,"116":0,"117":0,"124":0,"132":0,"139":0,"140":0,"141":0,"148":0,"149":0,"151":0,"152":0,"159":0,"160":0,"168":0,"169":0,"171":0,"172":0,"173":0,"181":0,"182":0,"189":0,"196":0,"198":0,"200":0,"207":0,"214":0,"215":0,"222":0,"223":0,"224":0,"235":0,"242":0,"249":0,"250":0,"251":0,"253":0,"261":0,"262":0,"263":0,"265":0,"267":0,"269":0,"276":0,"277":0,"279":0,"282":0,"283":0,"284":0,"292":0,"293":0,"296":0,"297":0,"299":0,"300":0,"301":0,"303":0,"305":0,"306":0,"315":0,"316":0,"317":0,"319":0,"321":0,"323":0,"325":0,"327":0,"329":0,"338":0,"340":0,"341":0,"348":0,"349":0,"350":0,"351":0,"360":0,"367":0},"path":"/Users/antonasso/programming/opyn/scaffold-eth/packages/hardhat/contracts/core/OpynPerpVault.sol","s":{"1":0,"2":0,"3":0,"4":0,"5":0,"6":0,"7":0,"8":0,"9":0,"10":0,"11":0,"12":0,"13":0,"14":0,"15":0,"16":0,"17":0,"18":0,"19":0,"20":0,"21":0,"22":0,"23":0,"24":0,"25":0,"26":0,"27":0,"28":0,"29":0,"30":0,"31":0,"32":0,"33":0,"34":0,"35":0,"36":0,"37":0,"38":0,"39":0,"40":0,"41":0,"42":0,"43":0,"44":0,"45":0,"46":0,"47":0,"48":0,"49":0,"50":0,"51":0,"52":0,"53":0,"54":0,"55":0,"56":0,"57":0,"58":0,"59":0,"60":0,"61":0,"62":0,"63":0,"64":0,"65":0,"66":0,"67":0,"68":0,"69":0,"70":0,"71":0,"72":0,"73":0,"74":0,"75":0,"76":0,"77":0,"78":0,"79":0,"80":0,"81":0,"82":0,"83":0,"84":0,"85":0,"86":0,"87":0,"88":0,"89":0,"90":0,"91":0,"92":0},"b":{"1":[0,0],"2":[0,0],"3":[0,0],"4":[0,0],"5":[0,0],"6":[0,0],"7":[0,0],"8":[0,0],"9":[0,0],"10":[0,0],"11":[0,0],"12":[0,0],"13":[0,0],"14":[0,0],"15":[0,0]},"f":{"1":0,"2":0,"3":0,"4":0,"5":0,"6":0,"7":0,"8":0,"9":0,"10":0,"11":0,"12":0,"13":0,"14":0,"15":0,"16":0,"17":0,"18":0,"19":0,"20":0,"21":0,"22":0,"23":0,"24":0,"25":0,"26":0,"27":0},"fnMap":{"1":{"name":"locker","line":62,"loc":{"start":{"line":62,"column":2},"end":{"line":67,"column":2}}},"2":{"name":"unlocker","line":72,"loc":{"start":{"line":72,"column":2},"end":{"line":78,"column":2}}},"3":{"name":"notEmergency","line":83,"loc":{"start":{"line":83,"column":2},"end":{"line":86,"column":2}}},"4":{"name":"init","line":105,"loc":{"start":{"line":96,"column":2},"end":{"line":118,"column":2}}},"5":{"name":"totalAsset","line":123,"loc":{"start":{"line":123,"column":2},"end":{"line":125,"column":2}}},"6":{"name":"getSharesByDepositAmount","line":131,"loc":{"start":{"line":131,"column":2},"end":{"line":133,"column":2}}},"7":{"name":"getWithdrawAmountByShares","line":138,"loc":{"start":{"line":138,"column":2},"end":{"line":142,"column":2}}},"8":{"name":"depositETH","line":147,"loc":{"start":{"line":147,"column":2},"end":{"line":153,"column":2}}},"9":{"name":"deposit","line":158,"loc":{"start":{"line":158,"column":2},"end":{"line":161,"column":2}}},"10":{"name":"withdrawETH","line":167,"loc":{"start":{"line":167,"column":2},"end":{"line":174,"column":2}}},"11":{"name":"withdraw","line":180,"loc":{"start":{"line":180,"column":2},"end":{"line":183,"column":2}}},"12":{"name":"closePositions","line":188,"loc":{"start":{"line":188,"column":2},"end":{"line":190,"column":2}}},"13":{"name":"rollOver","line":195,"loc":{"start":{"line":195,"column":2},"end":{"line":201,"column":2}}},"14":{"name":"setWithdrawReserve","line":206,"loc":{"start":{"line":206,"column":2},"end":{"line":208,"column":2}}},"15":{"name":"emergencyPause","line":213,"loc":{"start":{"line":213,"column":2},"end":{"line":216,"column":2}}},"16":{"name":"resumeFromPause","line":221,"loc":{"start":{"line":221,"column":2},"end":{"line":225,"column":2}}},"17":{"name":"_totalAsset","line":234,"loc":{"start":{"line":234,"column":2},"end":{"line":236,"column":2}}},"18":{"name":"_balance","line":241,"loc":{"start":{"line":241,"column":2},"end":{"line":243,"column":2}}},"19":{"name":"_totalDebt","line":248,"loc":{"start":{"line":248,"column":2},"end":{"line":254,"column":2}}},"20":{"name":"_deposit","line":259,"loc":{"start":{"line":259,"column":2},"end":{"line":270,"column":2}}},"21":{"name":"_closeAndWithdraw","line":275,"loc":{"start":{"line":275,"column":2},"end":{"line":286,"column":2}}},"22":{"name":"_distribute","line":291,"loc":{"start":{"line":291,"column":2},"end":{"line":308,"column":2}}},"23":{"name":"_withdraw","line":314,"loc":{"start":{"line":314,"column":2},"end":{"line":330,"column":2}}},"24":{"name":"_getSharesByDepositAmount","line":337,"loc":{"start":{"line":337,"column":2},"end":{"line":342,"column":2}}},"25":{"name":"_getWithdrawAmountByShares","line":347,"loc":{"start":{"line":347,"column":2},"end":{"line":352,"column":2}}},"26":{"name":"_getWithdrawFee","line":357,"loc":{"start":{"line":357,"column":2},"end":{"line":361,"column":2}}},"27":{"name":null,"line":366,"loc":{"start":{"line":366,"column":2},"end":{"line":368,"column":2}}}},"statementMap":{"1":{"start":{"line":63,"column":4},"end":{"line":63,"column":53}},"2":{"start":{"line":65,"column":4},"end":{"line":65,"column":28}},"3":{"start":{"line":66,"column":4},"end":{"line":66,"column":40}},"4":{"start":{"line":73,"column":4},"end":{"line":73,"column":49}},"5":{"start":{"line":76,"column":4},"end":{"line":76,"column":30}},"6":{"start":{"line":77,"column":4},"end":{"line":77,"column":42}},"7":{"start":{"line":84,"column":4},"end":{"line":84,"column":54}},"8":{"start":{"line":106,"column":4},"end":{"line":106,"column":27}},"9":{"start":{"line":107,"column":4},"end":{"line":107,"column":41}},"10":{"start":{"line":108,"column":4},"end":{"line":108,"column":28}},"11":{"start":{"line":109,"column":4},"end":{"line":109,"column":19}},"12":{"start":{"line":110,"column":4},"end":{"line":110,"column":28}},"13":{"start":{"line":112,"column":4},"end":{"line":112,"column":17}},"14":{"start":{"line":113,"column":4},"end":{"line":113,"column":31}},"15":{"start":{"line":114,"column":4},"end":{"line":114,"column":15}},"16":{"start":{"line":116,"column":4},"end":{"line":116,"column":21}},"17":{"start":{"line":117,"column":4},"end":{"line":117,"column":30}},"18":{"start":{"line":124,"column":4},"end":{"line":124,"column":24}},"19":{"start":{"line":132,"column":4},"end":{"line":132,"column":60}},"20":{"start":{"line":139,"column":4},"end":{"line":139,"column":64}},"21":{"start":{"line":140,"column":4},"end":{"line":140,"column":49}},"22":{"start":{"line":141,"column":4},"end":{"line":141,"column":34}},"23":{"start":{"line":148,"column":4},"end":{"line":148,"column":34}},"24":{"start":{"line":149,"column":4},"end":{"line":149,"column":35}},"25":{"start":{"line":151,"column":4},"end":{"line":151,"column":44}},"26":{"start":{"line":152,"column":4},"end":{"line":152,"column":22}},"27":{"start":{"line":159,"column":4},"end":{"line":159,"column":69}},"28":{"start":{"line":160,"column":4},"end":{"line":160,"column":20}},"29":{"start":{"line":168,"column":4},"end":{"line":168,"column":34}},"30":{"start":{"line":169,"column":4},"end":{"line":169,"column":45}},"31":{"start":{"line":171,"column":4},"end":{"line":171,"column":39}},"32":{"start":{"line":172,"column":4},"end":{"line":172,"column":67}},"33":{"start":{"line":173,"column":4},"end":{"line":173,"column":42}},"34":{"start":{"line":181,"column":4},"end":{"line":181,"column":45}},"35":{"start":{"line":182,"column":4},"end":{"line":182,"column":57}},"36":{"start":{"line":189,"column":4},"end":{"line":189,"column":22}},"37":{"start":{"line":196,"column":4},"end":{"line":196,"column":76}},"38":{"start":{"line":198,"column":4},"end":{"line":198,"column":41}},"39":{"start":{"line":200,"column":4},"end":{"line":200,"column":38}},"40":{"start":{"line":207,"column":4},"end":{"line":207,"column":29}},"41":{"start":{"line":214,"column":4},"end":{"line":214,"column":31}},"42":{"start":{"line":215,"column":4},"end":{"line":215,"column":43}},"43":{"start":{"line":222,"column":4},"end":{"line":222,"column":55}},"44":{"start":{"line":223,"column":4},"end":{"line":223,"column":20}},"45":{"start":{"line":224,"column":4},"end":{"line":224,"column":32}},"46":{"start":{"line":235,"column":4},"end":{"line":235,"column":39}},"47":{"start":{"line":242,"column":4},"end":{"line":242,"column":49}},"48":{"start":{"line":249,"column":4},"end":{"line":249,"column":20}},"49":{"start":{"line":250,"column":4},"end":{"line":250,"column":7136}},"50":{"start":{"line":251,"column":6},"end":{"line":251,"column":56}},"51":{"start":{"line":253,"column":4},"end":{"line":253,"column":15}},"52":{"start":{"line":261,"column":4},"end":{"line":261,"column":52}},"53":{"start":{"line":262,"column":4},"end":{"line":262,"column":58}},"54":{"start":{"line":263,"column":4},"end":{"line":263,"column":70}},"55":{"start":{"line":265,"column":4},"end":{"line":265,"column":74}},"56":{"start":{"line":267,"column":4},"end":{"line":267,"column":44}},"57":{"start":{"line":269,"column":4},"end":{"line":269,"column":27}},"58":{"start":{"line":276,"column":4},"end":{"line":276,"column":30}},"59":{"start":{"line":277,"column":4},"end":{"line":277,"column":8009}},"60":{"start":{"line":279,"column":6},"end":{"line":279,"column":40}},"61":{"start":{"line":282,"column":6},"end":{"line":282,"column":70}},"62":{"start":{"line":283,"column":6},"end":{"line":283,"column":8381}},"63":{"start":{"line":284,"column":8},"end":{"line":284,"column":84}},"64":{"start":{"line":292,"column":4},"end":{"line":292,"column":43}},"65":{"start":{"line":293,"column":4},"end":{"line":293,"column":28}},"66":{"start":{"line":296,"column":4},"end":{"line":296,"column":43}},"67":{"start":{"line":297,"column":4},"end":{"line":297,"column":30}},"68":{"start":{"line":299,"column":4},"end":{"line":299,"column":8794}},"69":{"start":{"line":300,"column":6},"end":{"line":300,"column":55}},"70":{"start":{"line":301,"column":6},"end":{"line":301,"column":69}},"71":{"start":{"line":303,"column":6},"end":{"line":303,"column":77}},"72":{"start":{"line":305,"column":6},"end":{"line":305,"column":79}},"73":{"start":{"line":305,"column":25},"end":{"line":305,"column":78}},"74":{"start":{"line":306,"column":6},"end":{"line":306,"column":43}},"75":{"start":{"line":315,"column":4},"end":{"line":315,"column":44}},"76":{"start":{"line":316,"column":4},"end":{"line":316,"column":63}},"77":{"start":{"line":317,"column":4},"end":{"line":317,"column":71}},"78":{"start":{"line":319,"column":4},"end":{"line":319,"column":28}},"79":{"start":{"line":321,"column":4},"end":{"line":321,"column":49}},"80":{"start":{"line":323,"column":4},"end":{"line":323,"column":44}},"81":{"start":{"line":325,"column":4},"end":{"line":325,"column":51}},"82":{"start":{"line":327,"column":4},"end":{"line":327,"column":57}},"83":{"start":{"line":329,"column":4},"end":{"line":329,"column":24}},"84":{"start":{"line":338,"column":4},"end":{"line":338,"column":39}},"85":{"start":{"line":340,"column":4},"end":{"line":340,"column":97}},"86":{"start":{"line":341,"column":4},"end":{"line":341,"column":17}},"87":{"start":{"line":348,"column":4},"end":{"line":348,"column":39}},"88":{"start":{"line":349,"column":4},"end":{"line":349,"column":39}},"89":{"start":{"line":350,"column":4},"end":{"line":350,"column":69}},"90":{"start":{"line":351,"column":4},"end":{"line":351,"column":25}},"91":{"start":{"line":360,"column":4},"end":{"line":360,"column":44}},"92":{"start":{"line":367,"column":4},"end":{"line":367,"column":61}}},"branchMap":{"1":{"line":63,"type":"if","locations":[{"start":{"line":63,"column":4},"end":{"line":63,"column":4}},{"start":{"line":63,"column":4},"end":{"line":63,"column":4}}]},"2":{"line":73,"type":"if","locations":[{"start":{"line":73,"column":4},"end":{"line":73,"column":4}},{"start":{"line":73,"column":4},"end":{"line":73,"column":4}}]},"3":{"line":84,"type":"if","locations":[{"start":{"line":84,"column":4},"end":{"line":84,"column":4}},{"start":{"line":84,"column":4},"end":{"line":84,"column":4}}]},"4":{"line":148,"type":"if","locations":[{"start":{"line":148,"column":4},"end":{"line":148,"column":4}},{"start":{"line":148,"column":4},"end":{"line":148,"column":4}}]},"5":{"line":149,"type":"if","locations":[{"start":{"line":149,"column":4},"end":{"line":149,"column":4}},{"start":{"line":149,"column":4},"end":{"line":149,"column":4}}]},"6":{"line":168,"type":"if","locations":[{"start":{"line":168,"column":4},"end":{"line":168,"column":4}},{"start":{"line":168,"column":4},"end":{"line":168,"column":4}}]},"7":{"line":173,"type":"if","locations":[{"start":{"line":173,"column":4},"end":{"line":173,"column":4}},{"start":{"line":173,"column":4},"end":{"line":173,"column":4}}]},"8":{"line":196,"type":"if","locations":[{"start":{"line":196,"column":4},"end":{"line":196,"column":4}},{"start":{"line":196,"column":4},"end":{"line":196,"column":4}}]},"9":{"line":222,"type":"if","locations":[{"start":{"line":222,"column":4},"end":{"line":222,"column":4}},{"start":{"line":222,"column":4},"end":{"line":222,"column":4}}]},"10":{"line":262,"type":"if","locations":[{"start":{"line":262,"column":4},"end":{"line":262,"column":4}},{"start":{"line":262,"column":4},"end":{"line":262,"column":4}}]},"11":{"line":283,"type":"if","locations":[{"start":{"line":283,"column":6},"end":{"line":283,"column":6}},{"start":{"line":283,"column":6},"end":{"line":283,"column":6}}]},"12":{"line":301,"type":"if","locations":[{"start":{"line":301,"column":6},"end":{"line":301,"column":6}},{"start":{"line":301,"column":6},"end":{"line":301,"column":6}}]},"13":{"line":305,"type":"if","locations":[{"start":{"line":305,"column":6},"end":{"line":305,"column":6}},{"start":{"line":305,"column":6},"end":{"line":305,"column":6}}]},"14":{"line":317,"type":"if","locations":[{"start":{"line":317,"column":4},"end":{"line":317,"column":4}},{"start":{"line":317,"column":4},"end":{"line":317,"column":4}}]},"15":{"line":367,"type":"if","locations":[{"start":{"line":367,"column":4},"end":{"line":367,"column":4}},{"start":{"line":367,"column":4},"end":{"line":367,"column":4}}]}}},
"contracts/libraries/SwapTypes.sol":{"l":{},"path":"/Users/antonasso/programming/opyn/scaffold-eth/packages/hardhat/contracts/libraries/SwapTypes.sol","s":{},"b":{},"f":{},"fnMap":{},"statementMap":{},"branchMap":{}},
"contracts/utils/AirswapUtils.sol":{"l":{"13":0,"14":0,"18":0},"path":"/Users/antonasso/programming/opyn/scaffold-eth/packages/hardhat/contracts/utils/AirswapUtils.sol","s":{"1":0,"2":0,"3":0},"b":{"1":[0,0]},"f":{"1":0,"2":0},"fnMap":{"1":{"name":"_initSwapContract","line":12,"loc":{"start":{"line":12,"column":2},"end":{"line":15,"column":2}}},"2":{"name":"_fillAirswapOrder","line":17,"loc":{"start":{"line":17,"column":2},"end":{"line":19,"column":2}}}},"statementMap":{"1":{"start":{"line":13,"column":4},"end":{"line":13,"column":61}},"2":{"start":{"line":14,"column":4},"end":{"line":14,"column":28}},"3":{"start":{"line":18,"column":4},"end":{"line":18,"column":23}}},"branchMap":{"1":{"line":13,"type":"if","locations":[{"start":{"line":13,"column":4},"end":{"line":13,"column":4}},{"start":{"line":13,"column":4},"end":{"line":13,"column":4}}]}}},
"contracts/utils/RollOverBase.sol":{"l":{"37":0,"38":0,"42":0,"43":0,"48":0,"49":0,"57":0,"58":0,"59":0,"61":0,"63":0,"68":0,"72":0,"74":0,"75":0,"77":0,"81":0,"82":0},"path":"/Users/antonasso/programming/opyn/scaffold-eth/packages/hardhat/contracts/utils/RollOverBase.sol","s":{"1":0,"2":0,"3":0,"4":0,"5":0,"6":0,"7":0,"8":0,"9":0,"10":0,"11":0,"12":0,"13":0,"14":0,"15":0,"16":0},"b":{"1":[0,0],"2":[0,0],"3":[0,0],"4":[0,0],"5":[0,0]},"f":{"1":0,"2":0,"3":0,"4":0,"5":0,"6":0,"7":0,"8":0},"fnMap":{"1":{"name":"onlyCommitted","line":36,"loc":{"start":{"line":36,"column":2},"end":{"line":39,"column":2}}},"2":{"name":"onlyActivated","line":41,"loc":{"start":{"line":41,"column":2},"end":{"line":44,"column":2}}},"3":{"name":"_initRollOverBase","line":47,"loc":{"start":{"line":47,"column":2},"end":{"line":50,"column":2}}},"4":{"name":"commitOToken","line":56,"loc":{"start":{"line":56,"column":2},"end":{"line":64,"column":2}}},"5":{"name":"_setActionIdle","line":66,"loc":{"start":{"line":66,"column":2},"end":{"line":69,"column":2}}},"6":{"name":"_rollOverNextOTokenAndActivate","line":71,"loc":{"start":{"line":71,"column":2},"end":{"line":78,"column":2}}},"7":{"name":"_checkOToken","line":80,"loc":{"start":{"line":80,"column":2},"end":{"line":83,"column":2}}},"8":{"name":"_customOTokenCheck","line":88,"loc":{"start":{"line":88,"column":2},"end":{"line":88,"column":74}}}},"statementMap":{"1":{"start":{"line":37,"column":4},"end":{"line":37,"column":55}},"2":{"start":{"line":42,"column":4},"end":{"line":42,"column":56}},"3":{"start":{"line":48,"column":4},"end":{"line":48,"column":27}},"4":{"start":{"line":49,"column":4},"end":{"line":49,"column":45}},"5":{"start":{"line":57,"column":4},"end":{"line":57,"column":55}},"6":{"start":{"line":58,"column":4},"end":{"line":58,"column":28}},"7":{"start":{"line":59,"column":4},"end":{"line":59,"column":27}},"8":{"start":{"line":61,"column":4},"end":{"line":61,"column":32}},"9":{"start":{"line":63,"column":4},"end":{"line":63,"column":37}},"10":{"start":{"line":68,"column":4},"end":{"line":68,"column":27}},"11":{"start":{"line":72,"column":4},"end":{"line":72,"column":91}},"12":{"start":{"line":74,"column":4},"end":{"line":74,"column":22}},"13":{"start":{"line":75,"column":4},"end":{"line":75,"column":26}},"14":{"start":{"line":77,"column":4},"end":{"line":77,"column":32}},"15":{"start":{"line":81,"column":4},"end":{"line":81,"column":69}},"16":{"start":{"line":82,"column":4},"end":{"line":82,"column":34}}},"branchMap":{"1":{"line":37,"type":"if","locations":[{"start":{"line":37,"column":4},"end":{"line":37,"column":4}},{"start":{"line":37,"column":4},"end":{"line":37,"column":4}}]},"2":{"line":42,"type":"if","locations":[{"start":{"line":42,"column":4},"end":{"line":42,"column":4}},{"start":{"line":42,"column":4},"end":{"line":42,"column":4}}]},"3":{"line":57,"type":"if","locations":[{"start":{"line":57,"column":4},"end":{"line":57,"column":4}},{"start":{"line":57,"column":4},"end":{"line":57,"column":4}}]},"4":{"line":72,"type":"if","locations":[{"start":{"line":72,"column":4},"end":{"line":72,"column":4}},{"start":{"line":72,"column":4},"end":{"line":72,"column":4}}]},"5":{"line":81,"type":"if","locations":[{"start":{"line":81,"column":4},"end":{"line":81,"column":4}},{"start":{"line":81,"column":4},"end":{"line":81,"column":4}}]}}}}
