TN:
SF:/Users/antonasso/programming/opyn/scaffold-eth/packages/hardhat/contracts/actions/ShortOTokenWithSwap.sol
FN:27,constructor
FN:54,onlyVault
FN:64,currentValue
FN:74,closePosition
FN:87,rolloverPosition
FN:98,mintAndSellOToken
FN:113,_openVault
FN:140,_mintOTokens
FN:174,_settleVault
FN:197,_customOTokenCheck
FNF:10
FNH:0
FNDA:0,constructor
FNDA:0,onlyVault
FNDA:0,currentValue
FNDA:0,closePosition
FNDA:0,rolloverPosition
FNDA:0,mintAndSellOToken
FNDA:0,_openVault
FNDA:0,_mintOTokens
FNDA:0,_settleVault
FNDA:0,_customOTokenCheck
DA:35,0
DA:36,0
DA:39,0
DA:41,0
DA:44,0
DA:45,0
DA:47,0
DA:48,0
DA:49,0
DA:51,0
DA:55,0
DA:57,0
DA:65,0
DA:66,0
DA:75,0
DA:79,0
DA:81,0
DA:90,0
DA:99,0
DA:100,0
DA:101,0
DA:103,0
DA:105,0
DA:107,0
DA:115,0
DA:116,0
DA:117,0
DA:121,0
DA:123,0
DA:134,0
DA:142,0
DA:144,0
DA:155,0
DA:166,0
DA:168,0
DA:176,0
DA:178,0
DA:189,0
LF:38
LH:0
BRDA:55,1,0,0
BRDA:55,1,1,0
BRDA:99,2,0,0
BRDA:99,2,1,0
BRDA:100,3,0,0
BRDA:100,3,1,0
BRDA:101,4,0,0
BRDA:101,4,1,0
BRDA:116,5,0,0
BRDA:116,5,1,0
BRF:10
BRH:0
end_of_record
TN:
SF:/Users/antonasso/programming/opyn/scaffold-eth/packages/hardhat/contracts/core/OpynPerpVault.sol
FN:62,locker
FN:72,unlocker
FN:83,notEmergency
FN:105,init
FN:123,totalAsset
FN:131,getSharesByDepositAmount
FN:138,getWithdrawAmountByShares
FN:147,depositETH
FN:158,deposit
FN:167,withdrawETH
FN:180,withdraw
FN:188,closePositions
FN:195,rollOver
FN:206,setWithdrawReserve
FN:213,emergencyPause
FN:221,resumeFromPause
FN:234,_totalAsset
FN:241,_balance
FN:248,_totalDebt
FN:259,_deposit
FN:275,_closeAndWithdraw
FN:291,_distribute
FN:314,_withdraw
FN:337,_getSharesByDepositAmount
FN:347,_getWithdrawAmountByShares
FN:357,_getWithdrawFee
FN:366,
FNF:27
FNH:0
FNDA:0,locker
FNDA:0,unlocker
FNDA:0,notEmergency
FNDA:0,init
FNDA:0,totalAsset
FNDA:0,getSharesByDepositAmount
FNDA:0,getWithdrawAmountByShares
FNDA:0,depositETH
FNDA:0,deposit
FNDA:0,withdrawETH
FNDA:0,withdraw
FNDA:0,closePositions
FNDA:0,rollOver
FNDA:0,setWithdrawReserve
FNDA:0,emergencyPause
FNDA:0,resumeFromPause
FNDA:0,_totalAsset
FNDA:0,_balance
FNDA:0,_totalDebt
FNDA:0,_deposit
FNDA:0,_closeAndWithdraw
FNDA:0,_distribute
FNDA:0,_withdraw
FNDA:0,_getSharesByDepositAmount
FNDA:0,_getWithdrawAmountByShares
FNDA:0,_getWithdrawFee
FNDA:0,
DA:63,0
DA:64,0
DA:65,0
DA:66,0
DA:73,0
DA:74,0
DA:76,0
DA:77,0
DA:84,0
DA:85,0
DA:106,0
DA:107,0
DA:108,0
DA:109,0
DA:110,0
DA:112,0
DA:113,0
DA:114,0
DA:116,0
DA:117,0
DA:124,0
DA:132,0
DA:139,0
DA:140,0
DA:141,0
DA:148,0
DA:149,0
DA:151,0
DA:152,0
DA:159,0
DA:160,0
DA:168,0
DA:169,0
DA:171,0
DA:172,0
DA:173,0
DA:181,0
DA:182,0
DA:189,0
DA:196,0
DA:198,0
DA:200,0
DA:207,0
DA:214,0
DA:215,0
DA:222,0
DA:223,0
DA:224,0
DA:235,0
DA:242,0
DA:249,0
DA:250,0
DA:251,0
DA:253,0
DA:261,0
DA:262,0
DA:263,0
DA:265,0
DA:267,0
DA:269,0
DA:276,0
DA:277,0
DA:279,0
DA:282,0
DA:283,0
DA:284,0
DA:292,0
DA:293,0
DA:296,0
DA:297,0
DA:299,0
DA:300,0
DA:301,0
DA:303,0
DA:305,0
DA:306,0
DA:315,0
DA:316,0
DA:317,0
DA:319,0
DA:321,0
DA:323,0
DA:325,0
DA:327,0
DA:329,0
DA:338,0
DA:340,0
DA:341,0
DA:348,0
DA:349,0
DA:350,0
DA:351,0
DA:360,0
DA:367,0
LF:94
LH:0
BRDA:63,1,0,0
BRDA:63,1,1,0
BRDA:73,2,0,0
BRDA:73,2,1,0
BRDA:84,3,0,0
BRDA:84,3,1,0
BRDA:148,4,0,0
BRDA:148,4,1,0
BRDA:149,5,0,0
BRDA:149,5,1,0
BRDA:168,6,0,0
BRDA:168,6,1,0
BRDA:173,7,0,0
BRDA:173,7,1,0
BRDA:196,8,0,0
BRDA:196,8,1,0
BRDA:222,9,0,0
BRDA:222,9,1,0
BRDA:262,10,0,0
BRDA:262,10,1,0
BRDA:283,11,0,0
BRDA:283,11,1,0
BRDA:301,12,0,0
BRDA:301,12,1,0
BRDA:305,13,0,0
BRDA:305,13,1,0
BRDA:317,14,0,0
BRDA:317,14,1,0
BRDA:367,15,0,0
BRDA:367,15,1,0
BRF:30
BRH:0
end_of_record
TN:
SF:/Users/antonasso/programming/opyn/scaffold-eth/packages/hardhat/contracts/libraries/SwapTypes.sol
FNF:0
FNH:0
LF:0
LH:0
BRF:0
BRH:0
end_of_record
TN:
SF:/Users/antonasso/programming/opyn/scaffold-eth/packages/hardhat/contracts/utils/AirswapUtils.sol
FN:12,_initSwapContract
FN:17,_fillAirswapOrder
FNF:2
FNH:0
FNDA:0,_initSwapContract
FNDA:0,_fillAirswapOrder
DA:13,0
DA:14,0
DA:18,0
LF:3
LH:0
BRDA:13,1,0,0
BRDA:13,1,1,0
BRF:2
BRH:0
end_of_record
TN:
SF:/Users/antonasso/programming/opyn/scaffold-eth/packages/hardhat/contracts/utils/RollOverBase.sol
FN:36,onlyCommitted
FN:41,onlyActivated
FN:47,_initRollOverBase
FN:56,commitOToken
FN:66,_setActionIdle
FN:71,_rollOverNextOTokenAndActivate
FN:80,_checkOToken
FN:88,_customOTokenCheck
FNF:8
FNH:0
FNDA:0,onlyCommitted
FNDA:0,onlyActivated
FNDA:0,_initRollOverBase
FNDA:0,commitOToken
FNDA:0,_setActionIdle
FNDA:0,_rollOverNextOTokenAndActivate
FNDA:0,_checkOToken
FNDA:0,_customOTokenCheck
DA:37,0
DA:38,0
DA:42,0
DA:43,0
DA:48,0
DA:49,0
DA:57,0
DA:58,0
DA:59,0
DA:61,0
DA:63,0
DA:68,0
DA:72,0
DA:74,0
DA:75,0
DA:77,0
DA:81,0
DA:82,0
LF:18
LH:0
BRDA:37,1,0,0
BRDA:37,1,1,0
BRDA:42,2,0,0
BRDA:42,2,1,0
BRDA:57,3,0,0
BRDA:57,3,1,0
BRDA:72,4,0,0
BRDA:72,4,1,0
BRDA:81,5,0,0
BRDA:81,5,1,0
BRF:10
BRH:0
end_of_record
